[2m07:16:39[22m [34m[content][39m Syncing content
[2m07:16:39[22m [34m[content][39m Content config changed
[2m07:16:39[22m [34m[content][39m Clearing content store
[31m[InvalidContentEntryDataError][39m [1marticles → how-to-cook-dried-beans-from-scratch[22m data does not match collection schema.

  [1mtitle**: **title[22m: Required
  [1mexcerpt**: **excerpt[22m: Required
  [1mcategory**: **category[22m: Required
  [1mtags**: **tags[22m: Required
  [1mimage**: **image[22m: Required
  [1mimageAlt**: **imageAlt[22m: Required
  [1mdate**: **date[22m: Invalid date

  [1mHint:[22m
[33m    See [4mhttps://docs.astro.build/en/guides/content-collections/[24m for more information on content schemas.[39m
  [1mError reference:[22m
    [36m[4mhttps://docs.astro.build/en/reference/errors/invalid-content-entry-data-error/[24m[39m
  [1mLocation:[22m
    [4mC:\Users\USER\OneDrive\Documents\pinterest\dlh-fresh\src\data\articles\how-to-cook-dried-beans-from-scratch.md:0:0[24m
  [1mStack trace:[22m
[2m    at getEntryDataAndImages (file:///C:/Users/USER/OneDrive/Documents/pinterest/dlh-fresh/node_modules/astro/dist/content/utils.js:168:26)
    at async syncData (C:/Users/USER/OneDrive/Documents/pinterest/dlh-fresh/node_modules/astro/dist/content/loaders/glob.js:97:28)[22m
