
==================================================
  Image Generation (nano-banana-pro-preview)
  40 articles, 200 total images
==================================================


[07:39:39] high-fiber-meals-for-constipation-relief
  -> Web image exists, skipping.
  -> Pin v1 exists, skipping.
  -> Pin v2 exists, skipping.
  -> Pin v3 exists, skipping.
  -> Pin v4 exists, skipping.
  DONE - 5 images generated

[07:39:45] easy-high-fiber-breakfast-ideas-for-gut-health
  -> Web image exists, skipping.
  -> Pin v1 exists, skipping.
  -> Pin v2 exists, skipping.
  -> Pin v3 exists, skipping.
  -> Pin v4 exists, skipping.
  DONE - 5 images generated

[07:39:51] 30-day-high-fiber-challenge-meal-plan
  -> Web image exists, skipping.
  -> Pin v1 exists, skipping.
  -> Pin v2 exists, skipping.
  -> Pin v3 exists, skipping.
  -> Pin v4 exists, skipping.
  DONE - 5 images generated

[07:39:57] high-protein-high-fiber-meals-for-weight-loss
  -> Web image exists, skipping.
  -> Pin v1 exists, skipping.
  -> Pin v2 exists, skipping.
  -> Pin v3 exists, skipping.
  -> Pin v4 exists, skipping.
  DONE - 5 images generated

[07:40:03] vegetarian-high-fiber-dinners-for-natural-relief
  -> Web image exists, skipping.
  -> Pin v1 exists, skipping.
  -> Pin v2 exists, skipping.
  -> Pin v3 exists, skipping.
  -> Pin v4 exists, skipping.
  DONE - 5 images generated

[07:40:09] high-fiber-cauliflower-rice-recipes
  -> Web image exists, skipping.
  -> Pin v1 exists, skipping.
  -> Pin v2 exists, skipping.
  -> Pin v3 exists, skipping.
  -> Pin v4 exists, skipping.
  DONE - 5 images generated

[07:40:15] oatmeal-vs-grits-fiber-content
  -> Web image exists, skipping.
  -> Pin v1 exists, skipping.
  -> Pin v2 exists, skipping.
  -> Pin v3 exists, skipping.
  -> Pin v4 exists, skipping.
  DONE - 5 images generated

[07:40:21] high-fiber-popcorn-toppings-healthy
  -> Web image exists, skipping.
  -> Pin v1 exists, skipping.
  -> Pin v2 exists, skipping.
  -> Pin v3 exists, skipping.
  -> Pin v4 exists, skipping.
  DONE - 5 images generated

[07:40:27] vegan-high-fiber-meal-prep-for-week
  -> Web image exists, skipping.
  -> Pin v1 exists, skipping.
  -> Pin v2 exists, skipping.
  -> Pin v3 exists, skipping.
  -> Pin v4 exists, skipping.
  DONE - 5 images generated

[07:40:33] fiber-rich-soup-for-weight-loss-cabbage
  -> Web image exists, skipping.
  -> Pin v1 exists, skipping.
  -> Pin v2/4 [Raw ingredients artfully scattered befor]...
  -> Pin v3 exists, skipping.
  -> Pin v4 exists, skipping.
  DONE - 5 images generated

[07:41:00] chia-pudding-variations-for-breakfast
  -> Web image exists, skipping.
  -> Pin v1 exists, skipping.
  -> Pin v2 exists, skipping.
  -> Pin v3 exists, skipping.
  -> Pin v4 exists, skipping.
  DONE - 5 images generated

[07:41:06] high-fiber-fast-food-options-guide
  -> Web image exists, skipping.
  -> Pin v1 exists, skipping.
  -> Pin v2 exists, skipping.
  -> Pin v3 exists, skipping.
  -> Pin v4 exists, skipping.
  DONE - 5 images generated

[07:41:12] gut-health-tea-peppermint-ginger
  -> Web image exists, skipping.
  -> Pin v1 exists, skipping.
  -> Pin v2 exists, skipping.
  -> Pin v3 exists, skipping.
  -> Pin v4 exists, skipping.
  DONE - 5 images generated

[07:41:18] high-fiber-pizza-crust-cauliflower
  -> Web image exists, skipping.
  -> Pin v1 exists, skipping.
  -> Pin v2 exists, skipping.
  -> Pin v3 exists, skipping.
  -> Pin v4 exists, skipping.
  DONE - 5 images generated

[07:41:24] prune-juice-alternatives-for-constipation
  -> Web image exists, skipping.
  -> Pin v1 exists, skipping.
  -> Pin v2 exists, skipping.
  -> Pin v3 exists, skipping.
  -> Pin v4 exists, skipping.
  DONE - 5 images generated

[07:41:30] high-fiber-hummus-recipe-homemade
  -> Web image exists, skipping.
  -> Pin v1 exists, skipping.
  -> Pin v2 exists, skipping.
  -> Pin v3 exists, skipping.
  -> Pin v4 exists, skipping.
  DONE - 5 images generated

[07:41:36] high-fiber-yogurt-parfait-for-breakfast
  -> Web image exists, skipping.
  -> Pin v1 exists, skipping.
  -> Pin v2/4 [Sunny windowsill, herb pot beside the di]...
  -> Pin v3 exists, skipping.
  -> Pin v4 exists, skipping.
  DONE - 5 images generated

[07:42:02] black-bean-brownies-hidden-fiber-dessert
  -> Web image exists, skipping.
  -> Pin v1 exists, skipping.
  -> Pin v2 exists, skipping.
  -> Pin v3 exists, skipping.
  -> Pin v4 exists, skipping.
  DONE - 5 images generated

[07:42:08] artichoke-recipes-for-gut-health
  -> Web image exists, skipping.
  -> Pin v1 exists, skipping.
  -> Pin v2 exists, skipping.
  -> Pin v3 exists, skipping.
  -> Pin v4 exists, skipping.
  DONE - 5 images generated

[07:42:14] high-fiber-smoothies-for-kids-picky-eaters
  -> Web image exists, skipping.
  -> Pin v1 exists, skipping.
  -> Pin v2 exists, skipping.
  -> Pin v3 exists, skipping.
  -> Pin v4 exists, skipping.
  DONE - 5 images generated

[07:42:20] popcorn-vs-potato-chips-fiber-comparison
  -> Web image exists, skipping.
  -> Pin v1 exists, skipping.
  -> Pin v2 exists, skipping.
  -> Pin v3 exists, skipping.
  -> Pin v4 exists, skipping.
  DONE - 5 images generated

[07:42:26] split-pea-soup-recipe-high-fiber
  -> Web image exists, skipping.
  -> Pin v1 exists, skipping.
  -> Pin v2 exists, skipping.
  -> Pin v3 exists, skipping.
  -> Pin v4 exists, skipping.
  DONE - 5 images generated

[07:42:32] whole-wheat-vs-white-pasta-fiber
  -> Web image exists, skipping.
  -> Pin v1 exists, skipping.
  -> Pin v2 exists, skipping.
  -> Pin v3 exists, skipping.
  -> Pin v4 exists, skipping.
  DONE - 5 images generated

[07:42:38] water-and-fiber-the-golden-rule
  -> Web image exists, skipping.
  -> Pin v1 exists, skipping.
  -> Pin v2 exists, skipping.
  -> Pin v3 exists, skipping.
  -> Pin v4 exists, skipping.
  DONE - 5 images generated

[07:42:44] high-fiber-salad-dressings-homemade
  -> Web image exists, skipping.
  -> Pin v1 exists, skipping.
  -> Pin v2 exists, skipping.
  -> Pin v3 exists, skipping.
  -> Pin v4 exists, skipping.
  DONE - 5 images generated

[07:42:50] tabbouleh-salad-high-fiber-bulgur
  -> Web image exists, skipping.
  -> Pin v1 exists, skipping.
  -> Pin v2 exists, skipping.
  -> Pin v3 exists, skipping.
  -> Pin v4 exists, skipping.
  DONE - 5 images generated

[07:42:56] pear-salad-with-walnuts-fiber-rich
  -> Web image exists, skipping.
  -> Pin v1 exists, skipping.
  -> Pin v2 exists, skipping.
  -> Pin v3 exists, skipping.
  -> Pin v4 exists, skipping.
  DONE - 5 images generated

[07:43:02] high-fiber-bran-muffins-that-taste-good
  -> Web image exists, skipping.
  -> Pin v1 exists, skipping.
  -> Pin v2 exists, skipping.
  -> Pin v3 exists, skipping.
  -> Pin v4 exists, skipping.
  DONE - 5 images generated

[07:43:08] high-fiber-stir-fry-vegetables
  -> Web image exists, skipping.
  -> Pin v1 exists, skipping.
  -> Pin v2 exists, skipping.
  -> Pin v3 exists, skipping.
  -> Pin v4 exists, skipping.
  DONE - 5 images generated

[07:43:14] best-way-to-store-avocados-to-stop-browning
  -> Web image exists, skipping.
  -> Pin v1 exists, skipping.
  -> Pin v2 exists, skipping.
  -> Pin v3 exists, skipping.
  -> Pin v4 exists, skipping.
  DONE - 5 images generated

[07:43:20] freezer-meal-prep-ideas-for-beginners
  -> Web image exists, skipping.
  -> Pin v1 exists, skipping.
  -> Pin v2 exists, skipping.
  -> Pin v3 exists, skipping.
  -> Pin v4 exists, skipping.
  DONE - 5 images generated

[07:43:26] how-to-freeze-bananas-for-smoothies
  -> Web image exists, skipping.
  -> Pin v1 exists, skipping.
  -> Pin v2 exists, skipping.
  -> Pin v3/4 [Grazing board style, multiple items spre]...
  -> Pin v4 exists, skipping.
  DONE - 5 images generated

[07:43:56] how-to-keep-bread-fresh-longer-without-mold
  -> Web image exists, skipping.
  -> Pin v1 exists, skipping.
  -> Pin v2 exists, skipping.
  -> Pin v3 exists, skipping.
  -> Pin v4 exists, skipping.
  DONE - 5 images generated

[07:44:02] how-to-meal-prep-on-a-budget-for-one-person
  -> Web image exists, skipping.
  -> Pin v1 exists, skipping.
  -> Pin v2 exists, skipping.
  -> Pin v3 exists, skipping.
  -> Pin v4 exists, skipping.
  DONE - 5 images generated

[07:44:08] how-to-organize-a-small-kitchen-on-a-budget
  -> Web image (16:9) [Blue and white Mediterranean ceramic pla]...
  -> Pin v1 exists, skipping.
  -> Pin v2 exists, skipping.
  -> Pin v3 exists, skipping.
  -> Pin v4 exists, skipping.
  DONE - 5 images generated

[07:44:35] how-to-reduce-food-waste-at-home-easy-tips
  -> Web image exists, skipping.
  -> Pin v1 exists, skipping.
  -> Pin v2 exists, skipping.
  -> Pin v3 exists, skipping.
  -> Pin v4 exists, skipping.
  DONE - 5 images generated

[07:44:41] how-to-revive-wilted-lettuce-and-greens
  -> Web image exists, skipping.
  -> Pin v1 exists, skipping.
  -> Pin v2 exists, skipping.
  -> Pin v3 exists, skipping.
  -> Pin v4 exists, skipping.
  DONE - 5 images generated

[07:44:47] how-to-store-fresh-herbs-to-last-longer
  -> Web image exists, skipping.
  -> Pin v1 exists, skipping.
  -> Pin v2 exists, skipping.
  -> Pin v3 exists, skipping.
  -> Pin v4/4 [Winter comfort: blanket visible, warm mu]...
  DONE - 5 images generated

[07:45:16] grocery-shopping-list-for-healthy-eating-on-a-budget
  -> Web image exists, skipping.
  -> Pin v1 exists, skipping.
  -> Pin v2 exists, skipping.
  -> Pin v3 exists, skipping.
  -> Pin v4 exists, skipping.
  DONE - 5 images generated

[07:45:22] how-to-read-nutrition-labels-for-beginners
  -> Web image exists, skipping.
  -> Pin v1 exists, skipping.
  -> Pin v2 exists, skipping.
  -> Pin v3 exists, skipping.
  -> Pin v4 exists, skipping.
  DONE - 5 images generated

Pins export CSV: .\pipeline-data\pins-export.csv (160 rows)

==================================================
  Done! Generated 5 images.
==================================================
